<?xml version="1.0" encoding="UTF-8"?>
<testng-results ignored="0" total="1" passed="1" failed="0" skipped="0">
  <reporter-output>
  </reporter-output>
  <suite started-at="2025-05-13T20:36:11 IST" name="Default suite" finished-at="2025-05-13T20:36:12 IST" duration-ms="723">
    <groups>
    </groups>
    <test started-at="2025-05-13T20:36:11 IST" name="Default test" finished-at="2025-05-13T20:36:12 IST" duration-ms="723">
      <class name="Reports.ExtentReportsTest">
        <test-method signature="reportTest()[pri:0, instance:Reports.ExtentReportsTest@4b0d79fc]" started-at="2025-05-13T20:36:11 IST" name="reportTest" finished-at="2025-05-13T20:36:12 IST" duration-ms="656" status="PASS">
          <reporter-output>
          </reporter-output>
        </test-method> <!-- reportTest -->
      </class> <!-- Reports.ExtentReportsTest -->
    </test> <!-- Default test -->
  </suite> <!-- Default suite -->
</testng-results>
